<?xml version="1.0" encoding="UTF-8"?>
<!-- Generated by org.testng.reporters.JUnitReportReporter -->
<testsuite skipped="0" hostname="7020761SMZEALO7" name="launchTest.LaunchMBaasDXC_AprobacionTC" tests="1" failures="0" timestamp="2021-09-03T14:41:00 GMT-05:00" time="18.243" errors="1">
  <testcase name="DXCExec" time="18.243" classname="launchTest.LaunchMBaasDXC_AprobacionTC">
    <error type="java.lang.NoClassDefFoundError" message="io/appium/java_client/windows/WindowsDriver">
      <![CDATA[java.lang.NoClassDefFoundError: io/appium/java_client/windows/WindowsDriver
at dxc.execution.BaseWindowsApp.openApplication(BaseWindowsApp.java:78)
at dxc.transversal.PCom.openPCom(PCom.java:72)
at dav.transversal.As400.openAs400(As400.java:118)
at dav.transversal.As400.<init>(As400.java:80)
at dav.as400.tarjeta.ScreenConsulta.<init>(ScreenConsulta.java:17)
at dav.as400.tarjeta.ControllerAprobacionTC.<init>(ControllerAprobacionTC.java:21)
at launchTest.LaunchMBaasDXC_AprobacionTC.doingConfigurations(LaunchMBaasDXC_AprobacionTC.java:89)
at dxc.execution.BaseTestNG.DXCExec(BaseTestNG.java:114)
at sun.reflect.NativeMethodAccessorImpl.invoke0(Native Method)
at sun.reflect.NativeMethodAccessorImpl.invoke(Unknown Source)
at sun.reflect.DelegatingMethodAccessorImpl.invoke(Unknown Source)
at java.lang.reflect.Method.invoke(Unknown Source)
at org.testng.internal.MethodInvocationHelper.invokeMethod(MethodInvocationHelper.java:132)
at org.testng.internal.TestInvoker.invokeMethod(TestInvoker.java:599)
at org.testng.internal.TestInvoker.invokeTestMethod(TestInvoker.java:174)
at org.testng.internal.MethodRunner.runInSequence(MethodRunner.java:46)
at org.testng.internal.TestInvoker$MethodInvocationAgent.invoke(TestInvoker.java:822)
at org.testng.internal.TestInvoker.invokeTestMethods(TestInvoker.java:147)
at org.testng.internal.TestMethodWorker.invokeTestMethods(TestMethodWorker.java:146)
at org.testng.internal.TestMethodWorker.run(TestMethodWorker.java:128)
at java.util.ArrayList.forEach(Unknown Source)
at org.testng.TestRunner.privateRun(TestRunner.java:764)
at org.testng.TestRunner.run(TestRunner.java:585)
at org.testng.SuiteRunner.runTest(SuiteRunner.java:384)
at org.testng.SuiteRunner.runSequentially(SuiteRunner.java:378)
at org.testng.SuiteRunner.privateRun(SuiteRunner.java:337)
at org.testng.SuiteRunner.run(SuiteRunner.java:286)
at org.testng.SuiteRunnerWorker.runSuite(SuiteRunnerWorker.java:53)
at org.testng.SuiteRunnerWorker.run(SuiteRunnerWorker.java:96)
at org.testng.TestNG.runSuitesSequentially(TestNG.java:1218)
at org.testng.TestNG.runSuitesLocally(TestNG.java:1140)
at org.testng.TestNG.runSuites(TestNG.java:1069)
at org.testng.TestNG.run(TestNG.java:1037)
at CreacionJar._MainDavivienda_MP.main(_MainDavivienda_MP.java:47)
Caused by: java.lang.ClassNotFoundException: io.appium.java_client.windows.WindowsDriver
at java.net.URLClassLoader.findClass(Unknown Source)
at java.lang.ClassLoader.loadClass(Unknown Source)
at sun.misc.Launcher$AppClassLoader.loadClass(Unknown Source)
at java.lang.ClassLoader.loadClass(Unknown Source)
... 34 more
]]>
    </error>
  </testcase> <!-- DXCExec -->
  <system-out/>
</testsuite> <!-- launchTest.LaunchMBaasDXC_AprobacionTC -->
